1717472376086	geckodriver	INFO	Listening on 127.0.0.1:60647
1717472379138	mozrunner::runner	INFO	Running command: "C:\\Program Files\\Mozilla Firefox\\firefox.exe" "--marionette" "--remote-debugging-port" "60648" "--remote-allow-hosts" "localhost" "-no-remote" "-profile" "C:\\Users\\s\\AppData\\Local\\Temp\\rust_mozprofileSyA93r"
console.warn: services.settings: Ignoring preference override of remote settings server
console.warn: services.settings: Allow by setting MOZ_REMOTE_SETTINGS_DEVTOOLS=1 in the environment
Dynamically enable window occlusion 0
1717472379649	Marionette	INFO	Marionette enabled
1717472379756	Marionette	INFO	Listening on port 60655
WebDriver BiDi listening on ws://127.0.0.1:60648
Read port: 60655
1717472380097	RemoteAgent	WARN	TLS certificate errors will be ignored for this session
DevTools listening on ws://127.0.0.1:60648/devtools/browser/56a6d508-b2ce-4a3e-b4f3-fcbd0bbfcae8
console.warn: LoginRecipes: "Falling back to a synchronous message for: https://tightfistedrock.s2-tastewp.com."
console.warn: LoginRecipes: "Falling back to a synchronous message for: https://tightfistedrock.s2-tastewp.com."
JavaScript error: https://tightfistedrock.s2-tastewp.com/wp-content/plugins/everest-forms/assets/js/admin/printThis.min.min.js?ver=3.0.0.1, line 1: SyntaxError: expected expression, got '<'
console.error: ({})
JavaScript warning: https://www.youtube.com/s/player/74bb7b07/player_ias.vflset/en_US/base.js, line 1955: Script terminated by timeout at:
HA@https://www.youtube.com/s/player/74bb7b07/player_ias.vflset/en_US/base.js:1955:16
g.bPa@https://www.youtube.com/s/player/74bb7b07/player_ias.vflset/en_US/base.js:4184:43
g.k.JL@https://www.youtube.com/s/player/74bb7b07/player_ias.vflset/en_US/base.js:13076:12
g.k.sendAbandonmentPing@https://www.youtube.com/s/player/74bb7b07/player_ias.vflset/en_US/base.js:12959:107
g.k.sendAbandonmentPing@https://www.youtube.com/s/player/74bb7b07/player_ias.vflset/en_US/base.js:11030:62
AT/a.state.B[b]@https://www.youtube.com/s/player/74bb7b07/player_ias.vflset/en_US/base.js:5020:53
Mx/<@https://www.youtube.com/s/player/74bb7b07/www-embed-player.vflset/www-embed-player.js:1878:106
Yx@https://www.youtube.com/s/player/74bb7b07/www-embed-player.vflset/www-embed-player.js:1914:46
@https://www.youtube.com/s/player/74bb7b07/www-embed-player.vflset/www-embed-player.js:1922:137
gl/<@https://www.youtube.com/s/player/74bb7b07/www-embed-player.vflset/www-embed-player.js:906:63

JavaScript error: https://tightfistedrock.s2-tastewp.com/wp-content/plugins/everest-forms/assets/js/admin/printThis.min.min.js?ver=3.0.0.1, line 1: SyntaxError: expected expression, got '<'
console.error: ({})
JavaScript error: https://tightfistedrock.s2-tastewp.com/wp-admin/load-scripts.php?c=0&load%5Bchunk_0%5D=jquery-core,jquery-migrate,utils,moxiejs,plupload,wp-codemirror&ver=6.5.3, line 32: TypeError: a is undefined
1717472400868	Marionette	INFO	Stopped listening on port 60655
Dynamically enable window occlusion 1
