1717497463136	geckodriver	INFO	Listening on 127.0.0.1:65093
1717497466205	mozrunner::runner	INFO	Running command: "C:\\Program Files\\Mozilla Firefox\\firefox.exe" "--marionette" "--remote-debugging-port" "65094" "--remote-allow-hosts" "localhost" "-no-remote" "-profile" "C:\\Users\\s\\AppData\\Local\\Temp\\rust_mozprofileK9XVmM"
console.warn: services.settings: Ignoring preference override of remote settings server
console.warn: services.settings: Allow by setting MOZ_REMOTE_SETTINGS_DEVTOOLS=1 in the environment
Dynamically enable window occlusion 0
1717497467173	Marionette	INFO	Marionette enabled
1717497467292	Marionette	INFO	Listening on port 65103
WebDriver BiDi listening on ws://127.0.0.1:65094
Read port: 65103
1717497467596	RemoteAgent	WARN	TLS certificate errors will be ignored for this session
DevTools listening on ws://127.0.0.1:65094/devtools/browser/d2ea408f-0b5a-420b-b55b-57244cbe151c
console.error: ({})
console.warn: LoginRecipes: "Falling back to a synchronous message for: https://tightfistedrock.s2-tastewp.com."
console.error: ({})
console.warn: LoginRecipes: "Falling back to a synchronous message for: https://tightfistedrock.s2-tastewp.com."
JavaScript error: https://tightfistedrock.s2-tastewp.com/wp-content/plugins/everest-forms/assets/js/admin/printThis.min.min.js?ver=3.0.0.1, line 1: SyntaxError: expected expression, got '<'
console.error: ({})
JavaScript warning: https://www.google.com/js/th/eibAoDspQrxJEgfHXHg_r2ZFWrvhsrgEHNatK7QQLfo.js line 2 > eval, line 7397: Script terminated by timeout at:
G@https://www.google.com/js/th/eibAoDspQrxJEgfHXHg_r2ZFWrvhsrgEHNatK7QQLfo.js line 2 > eval:7397:13270
l3@https://www.google.com/js/th/eibAoDspQrxJEgfHXHg_r2ZFWrvhsrgEHNatK7QQLfo.js line 2 > eval line 7397 > eval line 1 > eval line 1 > eval:1:183
qc@https://www.google.com/js/th/eibAoDspQrxJEgfHXHg_r2ZFWrvhsrgEHNatK7QQLfo.js line 2 > eval line 7397 > eval line 1 > eval line 1 > eval:1:49
@https://www.google.com/js/th/eibAoDspQrxJEgfHXHg_r2ZFWrvhsrgEHNatK7QQLfo.js line 2 > eval:7397:49444
OU@https://www.google.com/js/th/eibAoDspQrxJEgfHXHg_r2ZFWrvhsrgEHNatK7QQLfo.js line 2 > eval:7397:22018
Pn@https://www.google.com/js/th/eibAoDspQrxJEgfHXHg_r2ZFWrvhsrgEHNatK7QQLfo.js line 2 > eval:7397:17982
I@https://www.google.com/js/th/eibAoDspQrxJEgfHXHg_r2ZFWrvhsrgEHNatK7QQLfo.js line 2 > eval:7397:2778
M@https://www.google.com/js/th/eibAoDspQrxJEgfHXHg_r2ZFWrvhsrgEHNatK7QQLfo.js line 2 > eval line 7397 > eval line 1 > eval line 1 > eval:1:201
Q.Pb@https://www.google.com/js/th/eibAoDspQrxJEgfHXHg_r2ZFWrvhsrgEHNatK7QQLfo.js line 2 > eval:7397:47913
nx@https://www.google.com/js/th/eibAoDspQrxJEgfHXHg_r2ZFWrvhsrgEHNatK7QQLfo.js line 2 > eval:7397:8498
@https://www.google.com/js/th/eibAoDspQrxJEgfHXHg_r2ZFWrvhsrgEHNatK7QQLfo.js line 2 > eval:7397:51838
Ro.prototype.H1/c<@https://www.youtube.com/s/player/74bb7b07/player_ias.vflset/en_US/base.js:8298:135
g.k.uo@https://www.youtube.com/s/player/74bb7b07/player_ias.vflset/en_US/base.js:8294:35
Ro.prototype.H1@https://www.youtube.com/s/player/74bb7b07/player_ias.vflset/en_US/base.js:8298:112
sH.prototype.W2@https://www.youtube.com/s/player/74bb7b07/player_ias.vflset/en_US/base.js:9401:42
g.k.invoke@https://www.youtube.com/s/player/74bb7b07/player_ias.vflset/en_US/base.js:9394:64
ZOa@https://www.youtube.com/s/player/74bb7b07/player_ias.vflset/en_US/base.js:4177:47
g.bPa/a.c1a@https://www.youtube.com/s/player/74bb7b07/player_ias.vflset/en_US/base.js:4182:277
g.cPa@https://www.youtube.com/s/player/74bb7b07/player_ias.vflset/en_US/base.js:4185:168
g.k.JL@https://www.youtube.com/s/player/74bb7b07/player_ias.vflset/en_US/base.js:13076:261
g.k.sendAbandonmentPing@https://www.youtube.com/s/player/74bb7b07/player_ias.vflset/en_US/base.js:12959:107
g.k.sendAbandonmentPing@https://www.youtube.com/s/player/74bb7b07/player_ias.vflset/en_US/base.js:11030:62
AT/a.state.B[b]@https://www.youtube.com/s/player/74bb7b07/player_ias.vflset/en_US/base.js:5020:53
Mx/<@https://www.youtube.com/s/player/74bb7b07/www-embed-player.vflset/www-embed-player.js:1878:106
Yx@https://www.youtube.com/s/player/74bb7b07/www-embed-player.vflset/www-embed-player.js:1914:46
@https://www.youtube.com/s/player/74bb7b07/www-embed-player.vflset/www-embed-player.js:1922:137
gl/<@https://www.youtube.com/s/player/74bb7b07/www-embed-player.vflset/www-embed-player.js:906:63

JavaScript error: https://tightfistedrock.s2-tastewp.com/wp-content/plugins/everest-forms/assets/js/admin/printThis.min.min.js?ver=3.0.0.1, line 1: SyntaxError: expected expression, got '<'
console.error: ({})
JavaScript error: https://tightfistedrock.s2-tastewp.com/wp-admin/load-scripts.php?c=0&load%5Bchunk_0%5D=jquery-core,jquery-migrate,utils,moxiejs,plupload,wp-codemirror&ver=6.5.3, line 32: TypeError: a is undefined
1717497497313	addons.xpi	ERROR	System addon update list error SyntaxError: XMLHttpRequest.open: 'http://%(server)s/dummy-system-addons.xml' is not a valid URL.
JavaScript error: https://tightfistedrock.s2-tastewp.com/wp-content/plugins/everest-forms/assets/js/admin/printThis.min.min.js?ver=3.0.0.1, line 1: SyntaxError: expected expression, got '<'
console.error: ({})
console.error: ({})
console.error: ({})
1717497529808	Marionette	INFO	Stopped listening on port 65103
JavaScript warning: https://tightfistedrock.s2-tastewp.com/wp-includes/js/jquery/jquery.min.js?ver=3.7.1, line 2: Script terminated by timeout at:
ce.fx.tick@https://tightfistedrock.s2-tastewp.com/wp-includes/js/jquery/jquery.min.js?ver=3.7.1:2:62750
dt@https://tightfistedrock.s2-tastewp.com/wp-includes/js/jquery/jquery.min.js?ver=3.7.1:2:57121

Dynamically enable window occlusion 1
