1717404968655	geckodriver	INFO	Listening on 127.0.0.1:49792
1717404971827	mozrunner::runner	INFO	Running command: "C:\\Program Files\\Mozilla Firefox\\firefox.exe" "--marionette" "--remote-debugging-port" "49793" "--remote-allow-hosts" "localhost" "-no-remote" "-profile" "C:\\Users\\s\\AppData\\Local\\Temp\\rust_mozprofileXMnHYL"
console.warn: services.settings: Ignoring preference override of remote settings server
console.warn: services.settings: Allow by setting MOZ_REMOTE_SETTINGS_DEVTOOLS=1 in the environment
Dynamically enable window occlusion 0
1717404973075	Marionette	INFO	Marionette enabled
1717404973323	Marionette	INFO	Listening on port 49800
Read port: 49800
WebDriver BiDi listening on ws://127.0.0.1:49793
1717404973748	RemoteAgent	WARN	TLS certificate errors will be ignored for this session
DevTools listening on ws://127.0.0.1:49793/devtools/browser/4a916805-b547-4b8d-8c6a-8575cabc2a94
console.warn: LoginRecipes: "Falling back to a synchronous message for: https://tightfistedrock.s2-tastewp.com."
console.warn: LoginRecipes: "Falling back to a synchronous message for: https://tightfistedrock.s2-tastewp.com."
JavaScript error: https://tightfistedrock.s2-tastewp.com/wp-content/plugins/everest-forms/assets/js/admin/printThis.min.min.js?ver=3.0.0.1, line 1: SyntaxError: expected expression, got '<'
console.error: ({})
JavaScript warning: https://www.google.com/js/th/FHXt-ZpPKLM2XuMZDyrrKVvy6GX-cD2y8UJZdRpFU_w.js line 2 > eval line 3747 > eval line 1 > eval line 1 > eval, line 1: Script terminated by timeout at:
@https://www.google.com/js/th/FHXt-ZpPKLM2XuMZDyrrKVvy6GX-cD2y8UJZdRpFU_w.js line 2 > eval line 3747 > eval line 1 > eval line 1 > eval:1:38
t5@https://www.google.com/js/th/FHXt-ZpPKLM2XuMZDyrrKVvy6GX-cD2y8UJZdRpFU_w.js line 2 > eval line 3747 > eval line 1 > eval line 1 > eval:1:238
rt@https://www.google.com/js/th/FHXt-ZpPKLM2XuMZDyrrKVvy6GX-cD2y8UJZdRpFU_w.js line 2 > eval line 3747 > eval line 1 > eval line 1 > eval:1:47
v.J</<@https://www.google.com/js/th/FHXt-ZpPKLM2XuMZDyrrKVvy6GX-cD2y8UJZdRpFU_w.js line 2 > eval:3747:48645
cZ@https://www.google.com/js/th/FHXt-ZpPKLM2XuMZDyrrKVvy6GX-cD2y8UJZdRpFU_w.js line 2 > eval:3747:33554
BZ@https://www.google.com/js/th/FHXt-ZpPKLM2XuMZDyrrKVvy6GX-cD2y8UJZdRpFU_w.js line 2 > eval:3747:10293
w@https://www.google.com/js/th/FHXt-ZpPKLM2XuMZDyrrKVvy6GX-cD2y8UJZdRpFU_w.js line 2 > eval:3747:16351
zM@https://www.google.com/js/th/FHXt-ZpPKLM2XuMZDyrrKVvy6GX-cD2y8UJZdRpFU_w.js line 2 > eval line 3747 > eval line 1 > eval line 1 > eval:1:190
@https://www.google.com/js/th/FHXt-ZpPKLM2XuMZDyrrKVvy6GX-cD2y8UJZdRpFU_w.js line 2 > eval:3747:47138
R1@https://www.google.com/js/th/FHXt-ZpPKLM2XuMZDyrrKVvy6GX-cD2y8UJZdRpFU_w.js line 2 > eval:3747:8542
j$.qwc_/<@https://www.google.com/js/th/FHXt-ZpPKLM2XuMZDyrrKVvy6GX-cD2y8UJZdRpFU_w.js line 2 > eval:3747:51179
Qo.prototype.G1/c<@https://www.youtube.com/s/player/79e6d03a/player_ias.vflset/en_US/base.js:8294:135
g.k.qo@https://www.youtube.com/s/player/79e6d03a/player_ias.vflset/en_US/base.js:8290:35
Qo.prototype.G1@https://www.youtube.com/s/player/79e6d03a/player_ias.vflset/en_US/base.js:8294:112
qH.prototype.V2@https://www.youtube.com/s/player/79e6d03a/player_ias.vflset/en_US/base.js:9396:42
g.k.invoke@https://www.youtube.com/s/player/79e6d03a/player_ias.vflset/en_US/base.js:9389:64
YOa@https://www.youtube.com/s/player/79e6d03a/player_ias.vflset/en_US/base.js:4174:47
g.aPa/a.c1a@https://www.youtube.com/s/player/79e6d03a/player_ias.vflset/en_US/base.js:4179:277
g.bPa@https://www.youtube.com/s/player/79e6d03a/player_ias.vflset/en_US/base.js:4182:168
g.k.JL@https://www.youtube.com/s/player/79e6d03a/player_ias.vflset/en_US/base.js:13069:261
g.k.sendAbandonmentPing@https://www.youtube.com/s/player/79e6d03a/player_ias.vflset/en_US/base.js:12952:107
g.k.sendAbandonmentPing@https://www.youtube.com/s/player/79e6d03a/player_ias.vflset/en_US/base.js:11023:62
yT/a.state.B[b]@https://www.youtube.com/s/player/79e6d03a/player_ias.vflset/en_US/base.js:5016:53
Hx/<@https://www.youtube.com/s/player/79e6d03a/www-embed-player.vflset/www-embed-player.js:1873:106
Tx@https://www.youtube.com/s/player/79e6d03a/www-embed-player.vflset/www-embed-player.js:1909:46
@https://www.youtube.com/s/player/79e6d03a/www-embed-player.vflset/www-embed-player.js:1917:137
fl/<@https://www.youtube.com/s/player/79e6d03a/www-embed-player.vflset/www-embed-player.js:906:63

JavaScript error: https://tightfistedrock.s2-tastewp.com/wp-content/plugins/everest-forms/assets/js/admin/printThis.min.min.js?ver=3.0.0.1, line 1: SyntaxError: expected expression, got '<'
console.error: ({})
JavaScript error: https://tightfistedrock.s2-tastewp.com/wp-admin/load-scripts.php?c=0&load%5Bchunk_0%5D=jquery-core,jquery-migrate,utils,moxiejs,plupload,wp-codemirror&ver=6.5.3, line 32: TypeError: a is undefined
1717404997128	Marionette	INFO	Stopped listening on port 49800
JavaScript warning: https://tightfistedrock.s2-tastewp.com/wp-admin/load-scripts.php?c=0&load%5Bchunk_0%5D=jquery-core,jquery-migrate,utils,moxiejs,plupload,wp-codemirror&ver=6.5.3, line 2: Script terminated by timeout at:
ce@https://tightfistedrock.s2-tastewp.com/wp-admin/load-scripts.php?c=0&load%5Bchunk_0%5D=jquery-core,jquery-migrate,utils,moxiejs,plupload,wp-codemirror&ver=6.5.3:2:1070
updateTime@https://tastewp.com/intro/script.js?ver=3.9.2:77:6

Dynamically enable window occlusion 1
