1717478754031	geckodriver	INFO	Listening on 127.0.0.1:51148
1717478757160	mozrunner::runner	INFO	Running command: "C:\\Program Files\\Mozilla Firefox\\firefox.exe" "--marionette" "--remote-debugging-port" "51149" "--remote-allow-hosts" "localhost" "-no-remote" "-profile" "C:\\Users\\s\\AppData\\Local\\Temp\\rust_mozprofile5MDEAK"
console.warn: services.settings: Ignoring preference override of remote settings server
console.warn: services.settings: Allow by setting MOZ_REMOTE_SETTINGS_DEVTOOLS=1 in the environment
Dynamically enable window occlusion 0
1717478758348	Marionette	INFO	Marionette enabled
1717478758874	Marionette	INFO	Listening on port 51158
Read port: 51158
WebDriver BiDi listening on ws://127.0.0.1:51149
1717478759347	RemoteAgent	WARN	TLS certificate errors will be ignored for this session
DevTools listening on ws://127.0.0.1:51149/devtools/browser/8f543a69-61fe-449d-a986-36480f2b722c
console.warn: LoginRecipes: "Falling back to a synchronous message for: https://tightfistedrock.s2-tastewp.com."
console.warn: LoginRecipes: "Falling back to a synchronous message for: https://tightfistedrock.s2-tastewp.com."
JavaScript error: https://tightfistedrock.s2-tastewp.com/wp-content/plugins/everest-forms/assets/js/admin/printThis.min.min.js?ver=3.0.0.1, line 1: SyntaxError: expected expression, got '<'
console.error: ({})
JavaScript warning: https://www.youtube.com/s/player/74bb7b07/www-embed-player.vflset/www-embed-player.js, line 906: Script terminated by timeout at:
gl/<@https://www.youtube.com/s/player/74bb7b07/www-embed-player.vflset/www-embed-player.js:906:47

JavaScript error: https://tightfistedrock.s2-tastewp.com/wp-content/plugins/everest-forms/assets/js/admin/printThis.min.min.js?ver=3.0.0.1, line 1: SyntaxError: expected expression, got '<'
console.error: ({})
JavaScript error: https://tightfistedrock.s2-tastewp.com/wp-admin/load-scripts.php?c=0&load%5Bchunk_0%5D=jquery-core,jquery-migrate,utils,moxiejs,plupload,wp-codemirror&ver=6.5.3, line 32: TypeError: a is undefined
1717478788593	addons.xpi	ERROR	System addon update list error SyntaxError: XMLHttpRequest.open: 'http://%(server)s/dummy-system-addons.xml' is not a valid URL.
JavaScript error: https://tightfistedrock.s2-tastewp.com/wp-content/plugins/everest-forms/assets/js/admin/printThis.min.min.js?ver=3.0.0.1, line 1: SyntaxError: expected expression, got '<'
console.error: ({})
1717478821329	Marionette	INFO	Stopped listening on port 51158
JavaScript warning: https://tightfistedrock.s2-tastewp.com/wp-includes/js/mediaelement/mediaelement-and-player.min.js?ver=4.2.17, line 12: Script terminated by timeout at:
[29]</window.getComputedStyle@https://tightfistedrock.s2-tastewp.com/wp-includes/js/mediaelement/mediaelement-and-player.min.js?ver=4.2.17:12:153997
Xe@https://tightfistedrock.s2-tastewp.com/wp-admin/load-scripts.php?c=0&load%5Bchunk_0%5D=jquery-core,jquery-migrate,utils,moxiejs,plupload,wp-codemirror&ver=6.5.3:2:49361
ot@https://tightfistedrock.s2-tastewp.com/wp-admin/load-scripts.php?c=0&load%5Bchunk_0%5D=jquery-core,jquery-migrate,utils,moxiejs,plupload,wp-codemirror&ver=6.5.3:2:52498
get@https://tightfistedrock.s2-tastewp.com/wp-admin/load-scripts.php?c=0&load%5Bchunk_0%5D=jquery-core,jquery-migrate,utils,moxiejs,plupload,wp-codemirror&ver=6.5.3:2:54492
css@https://tightfistedrock.s2-tastewp.com/wp-admin/load-scripts.php?c=0&load%5Bchunk_0%5D=jquery-core,jquery-migrate,utils,moxiejs,plupload,wp-codemirror&ver=6.5.3:2:54182
ce.fn[o]/<@https://tightfistedrock.s2-tastewp.com/wp-admin/load-scripts.php?c=0&load%5Bchunk_0%5D=jquery-core,jquery-migrate,utils,moxiejs,plupload,wp-codemirror&ver=6.5.3:2:85730
M@https://tightfistedrock.s2-tastewp.com/wp-admin/load-scripts.php?c=0&load%5Bchunk_0%5D=jquery-core,jquery-migrate,utils,moxiejs,plupload,wp-codemirror&ver=6.5.3:2:29644
ce.fn[o]@https://tightfistedrock.s2-tastewp.com/wp-admin/load-scripts.php?c=0&load%5Bchunk_0%5D=jquery-core,jquery-migrate,utils,moxiejs,plupload,wp-codemirror&ver=6.5.3:2:85473
_refreshItemPositions@https://tightfistedrock.s2-tastewp.com/wp-includes/js/jquery/ui/sortable.min.js?ver=1.13.2:9:12742
x.widget/</r[e]<@https://tightfistedrock.s2-tastewp.com/wp-includes/js/jquery/ui/core.min.js?ver=1.13.2:116:967
refreshPositions@https://tightfistedrock.s2-tastewp.com/wp-includes/js/jquery/ui/sortable.min.js?ver=1.13.2:9:13043
x.widget/</r[e]<@https://tightfistedrock.s2-tastewp.com/wp-includes/js/jquery/ui/core.min.js?ver=1.13.2:116:967
x.widget.bridge/x.fn[s]/<@https://tightfistedrock.s2-tastewp.com/wp-includes/js/jquery/ui/core.min.js?ver=1.13.2:116:1976
each@https://tightfistedrock.s2-tastewp.com/wp-admin/load-scripts.php?c=0&load%5Bchunk_0%5D=jquery-core,jquery-migrate,utils,moxiejs,plupload,wp-codemirror&ver=6.5.3:2:3129
each@https://tightfistedrock.s2-tastewp.com/wp-admin/load-scripts.php?c=0&load%5Bchunk_0%5D=jquery-core,jquery-migrate,utils,moxiejs,plupload,wp-codemirror&ver=6.5.3:2:1594
x.widget.bridge/x.fn[s]@https://tightfistedrock.s2-tastewp.com/wp-includes/js/jquery/ui/core.min.js?ver=1.13.2:116:1794
bindFields/<@https://tightfistedrock.s2-tastewp.com/wp-content/plugins/everest-forms/assets/js/admin/form-builder.min.js?ver=3.0.0.1:11:5974
dispatch@https://tightfistedrock.s2-tastewp.com/wp-admin/load-scripts.php?c=0&load%5Bchunk_0%5D=jquery-core,jquery-migrate,utils,moxiejs,plupload,wp-codemirror&ver=6.5.3:2:40035
add/v.handle@https://tightfistedrock.s2-tastewp.com/wp-admin/load-scripts.php?c=0&load%5Bchunk_0%5D=jquery-core,jquery-migrate,utils,moxiejs,plupload,wp-codemirror&ver=6.5.3:2:38006

Dynamically enable window occlusion 1
