1717474785855	geckodriver	INFO	Listening on 127.0.0.1:63043
1717474788835	mozrunner::runner	INFO	Running command: "C:\\Program Files\\Mozilla Firefox\\firefox.exe" "--marionette" "--remote-debugging-port" "63044" "--remote-allow-hosts" "localhost" "-no-remote" "-profile" "C:\\Users\\s\\AppData\\Local\\Temp\\rust_mozprofilekCnA2H"
console.warn: services.settings: Ignoring preference override of remote settings server
console.warn: services.settings: Allow by setting MOZ_REMOTE_SETTINGS_DEVTOOLS=1 in the environment
Dynamically enable window occlusion 0
1717474789460	Marionette	INFO	Marionette enabled
1717474789568	Marionette	INFO	Listening on port 63054
WebDriver BiDi listening on ws://127.0.0.1:63044
Read port: 63054
1717474789921	RemoteAgent	WARN	TLS certificate errors will be ignored for this session
DevTools listening on ws://127.0.0.1:63044/devtools/browser/9758206b-40f5-43ee-8af7-a4fee5f1e408
console.warn: LoginRecipes: "Falling back to a synchronous message for: https://tightfistedrock.s2-tastewp.com."
console.warn: LoginRecipes: "Falling back to a synchronous message for: https://tightfistedrock.s2-tastewp.com."
JavaScript error: https://tightfistedrock.s2-tastewp.com/wp-content/plugins/everest-forms/assets/js/admin/printThis.min.min.js?ver=3.0.0.1, line 1: SyntaxError: expected expression, got '<'
console.error: ({})
JavaScript warning: https://www.youtube.com/s/player/74bb7b07/player_ias.vflset/en_US/base.js, line 5020: Script terminated by timeout at:
AT/a.state.B[b]@https://www.youtube.com/s/player/74bb7b07/player_ias.vflset/en_US/base.js:5020:41
Mx/<@https://www.youtube.com/s/player/74bb7b07/www-embed-player.vflset/www-embed-player.js:1878:106
Yx@https://www.youtube.com/s/player/74bb7b07/www-embed-player.vflset/www-embed-player.js:1914:46
@https://www.youtube.com/s/player/74bb7b07/www-embed-player.vflset/www-embed-player.js:1922:137
gl/<@https://www.youtube.com/s/player/74bb7b07/www-embed-player.vflset/www-embed-player.js:906:63

JavaScript error: https://tightfistedrock.s2-tastewp.com/wp-content/plugins/everest-forms/assets/js/admin/printThis.min.min.js?ver=3.0.0.1, line 1: SyntaxError: expected expression, got '<'
console.error: ({})
JavaScript error: https://tightfistedrock.s2-tastewp.com/wp-admin/load-scripts.php?c=0&load%5Bchunk_0%5D=jquery-core,jquery-migrate,utils,moxiejs,plupload,wp-codemirror&ver=6.5.3, line 32: TypeError: a is undefined
1717474819740	Marionette	INFO	Stopped listening on port 63054
Dynamically enable window occlusion 1
1717474820611	addons.xpi	ERROR	System addon update list error Error: Failed downloading XML, status: 0, channelStatus: 2152071198, errorCode: 2, reason: error
console.error: (new Error("Polling for changes failed: NetworkError: Network request failed.", "resource://services-settings/remote-settings.sys.mjs", 324))
console.error: Region.sys.mjs: "Error fetching region" (new TypeError("NetworkError when attempting to fetch resource.", "resource://gre/modules/Region.sys.mjs", 738))
console.error: Region.sys.mjs: "Failed to fetch region" (new Error("NO_RESULT", "resource://gre/modules/Region.sys.mjs", 411))
