1717473754887	geckodriver	INFO	Listening on 127.0.0.1:61740
1717473757930	mozrunner::runner	INFO	Running command: "C:\\Program Files\\Mozilla Firefox\\firefox.exe" "--marionette" "--remote-debugging-port" "61741" "--remote-allow-hosts" "localhost" "-no-remote" "-profile" "C:\\Users\\s\\AppData\\Local\\Temp\\rust_mozprofile1QTyUA"
console.warn: services.settings: Ignoring preference override of remote settings server
console.warn: services.settings: Allow by setting MOZ_REMOTE_SETTINGS_DEVTOOLS=1 in the environment
Dynamically enable window occlusion 0
1717473758689	Marionette	INFO	Marionette enabled
1717473758886	Marionette	INFO	Listening on port 61750
WebDriver BiDi listening on ws://127.0.0.1:61741
Read port: 61750
1717473759233	RemoteAgent	WARN	TLS certificate errors will be ignored for this session
DevTools listening on ws://127.0.0.1:61741/devtools/browser/5b4b1cc9-7d19-4567-ae81-204f421f5416
console.warn: LoginRecipes: "Falling back to a synchronous message for: https://tightfistedrock.s2-tastewp.com."
console.warn: LoginRecipes: "Falling back to a synchronous message for: https://tightfistedrock.s2-tastewp.com."
JavaScript error: https://tightfistedrock.s2-tastewp.com/wp-content/plugins/everest-forms/assets/js/admin/printThis.min.min.js?ver=3.0.0.1, line 1: SyntaxError: expected expression, got '<'
console.error: ({})
JavaScript warning: https://www.youtube.com/s/player/74bb7b07/player_ias.vflset/en_US/base.js, line 13079: Script terminated by timeout at:
g.k.Lc@https://www.youtube.com/s/player/74bb7b07/player_ias.vflset/en_US/base.js:13079:16
g.k.getDuration@https://www.youtube.com/s/player/74bb7b07/player_ias.vflset/en_US/base.js:13023:140
g.k.getDuration@https://www.youtube.com/s/player/74bb7b07/player_ias.vflset/en_US/base.js:13181:241
g.k.getDuration@https://www.youtube.com/s/player/74bb7b07/player_ias.vflset/en_US/base.js:10955:149
g.k.Sc@https://www.youtube.com/s/player/74bb7b07/player_ias.vflset/en_US/base.js:11946:41
g.k.Bg@https://www.youtube.com/s/player/74bb7b07/player_ias.vflset/en_US/base.js:11972:281
g.k.p4@https://www.youtube.com/s/player/74bb7b07/player_ias.vflset/en_US/base.js:11974:24
g.k.A5@https://www.youtube.com/s/player/74bb7b07/player_ias.vflset/en_US/base.js:8663:65

JavaScript warning: https://www.google.com/js/th/FHXt-ZpPKLM2XuMZDyrrKVvy6GX-cD2y8UJZdRpFU_w.js line 2 > eval line 5609 > eval line 1 > eval line 1 > eval, line 1: WEBGL_debug_renderer_info is deprecated in Firefox and will be removed. Please use RENDERER.
JavaScript error: https://tightfistedrock.s2-tastewp.com/wp-content/plugins/everest-forms/assets/js/admin/printThis.min.min.js?ver=3.0.0.1, line 1: SyntaxError: expected expression, got '<'
console.error: ({})
JavaScript error: https://tightfistedrock.s2-tastewp.com/wp-admin/load-scripts.php?c=0&load%5Bchunk_0%5D=jquery-core,jquery-migrate,utils,moxiejs,plupload,wp-codemirror&ver=6.5.3, line 32: TypeError: a is undefined
JavaScript error: https://tightfistedrock.s2-tastewp.com/wp-content/plugins/everest-forms/assets/js/admin/printThis.min.min.js?ver=3.0.0.1, line 1: SyntaxError: expected expression, got '<'
console.error: ({})
1717473789516	addons.xpi	ERROR	System addon update list error SyntaxError: XMLHttpRequest.open: 'http://%(server)s/dummy-system-addons.xml' is not a valid URL.
1717473790054	Marionette	INFO	Stopped listening on port 61750
Dynamically enable window occlusion 1
console.warn: services.settings: main/cookie-banner-rules-list sync interrupted by shutdown
console.warn: services.settings: main/translations-models sync interrupted by shutdown
console.warn: services.settings: main/devtools-compatibility-browsers sync interrupted by shutdown
console.warn: services.settings: main/sites-classification sync interrupted by shutdown
console.warn: services.settings: main/anti-tracking-url-decoration sync interrupted by shutdown
console.warn: services.settings: main/public-suffix-list sync interrupted by shutdown
console.warn: services.settings: main/hijack-blocklists sync interrupted by shutdown
console.warn: services.settings: main/pioneer-study-addons-v1 sync interrupted by shutdown
console.error: (new AbortError("IndexedDB: main/nimbus-desktop-defaults getLastModified() IndexedDB:  execute() A request was aborted, for example through a call to IDBTransaction.abort.", "resource://services-settings/IDBHelpers.sys.mjs", 16))
