1717487187454	geckodriver	INFO	Listening on 127.0.0.1:56813
1717487190514	mozrunner::runner	INFO	Running command: "C:\\Program Files\\Mozilla Firefox\\firefox.exe" "--marionette" "--remote-debugging-port" "56814" "--remote-allow-hosts" "localhost" "-no-remote" "-profile" "C:\\Users\\s\\AppData\\Local\\Temp\\rust_mozprofileEPCE0r"
console.warn: services.settings: Ignoring preference override of remote settings server
console.warn: services.settings: Allow by setting MOZ_REMOTE_SETTINGS_DEVTOOLS=1 in the environment
Dynamically enable window occlusion 0
1717487190991	Marionette	INFO	Marionette enabled
1717487191100	Marionette	INFO	Listening on port 56823
WebDriver BiDi listening on ws://127.0.0.1:56814
Read port: 56823
1717487191576	RemoteAgent	WARN	TLS certificate errors will be ignored for this session
DevTools listening on ws://127.0.0.1:56814/devtools/browser/309a0a25-4b6e-4e03-9474-ce9a72c0eb2c
console.warn: LoginRecipes: "Falling back to a synchronous message for: https://tightfistedrock.s2-tastewp.com."
console.warn: LoginRecipes: "Falling back to a synchronous message for: https://tightfistedrock.s2-tastewp.com."
JavaScript error: https://tightfistedrock.s2-tastewp.com/wp-content/plugins/everest-forms/assets/js/admin/printThis.min.min.js?ver=3.0.0.1, line 1: SyntaxError: expected expression, got '<'
console.error: ({})
JavaScript warning: https://www.youtube.com/s/player/74bb7b07/www-embed-player.vflset/www-embed-player.js, line 906: Script terminated by timeout at:
gl/<@https://www.youtube.com/s/player/74bb7b07/www-embed-player.vflset/www-embed-player.js:906:47

JavaScript error: https://tightfistedrock.s2-tastewp.com/wp-content/plugins/everest-forms/assets/js/admin/printThis.min.min.js?ver=3.0.0.1, line 1: SyntaxError: expected expression, got '<'
console.error: ({})
JavaScript error: https://tightfistedrock.s2-tastewp.com/wp-admin/load-scripts.php?c=0&load%5Bchunk_0%5D=jquery-core,jquery-migrate,utils,moxiejs,plupload,wp-codemirror&ver=6.5.3, line 32: TypeError: a is undefined
JavaScript error: https://tightfistedrock.s2-tastewp.com/wp-content/plugins/everest-forms/assets/js/admin/printThis.min.min.js?ver=3.0.0.1, line 1: SyntaxError: expected expression, got '<'
console.error: ({})
JavaScript error: https://tightfistedrock.s2-tastewp.com/wp-content/plugins/everest-forms/assets/js/admin/printThis.min.min.js?ver=3.0.0.1, line 1: SyntaxError: expected expression, got '<'
1717487221361	addons.xpi	ERROR	System addon update list error SyntaxError: XMLHttpRequest.open: 'http://%(server)s/dummy-system-addons.xml' is not a valid URL.
console.error: ({})
JavaScript warning: https://www.google.com/js/th/eibAoDspQrxJEgfHXHg_r2ZFWrvhsrgEHNatK7QQLfo.js line 2 > eval line 814 > eval line 1 > eval line 1 > eval, line 1: Script terminated by timeout at:
M@https://www.google.com/js/th/eibAoDspQrxJEgfHXHg_r2ZFWrvhsrgEHNatK7QQLfo.js line 2 > eval line 814 > eval line 1 > eval line 1 > eval:1:13
W@https://www.google.com/js/th/eibAoDspQrxJEgfHXHg_r2ZFWrvhsrgEHNatK7QQLfo.js line 2 > eval line 814 > eval line 1 > eval line 1 > eval:1:218
@https://www.google.com/js/th/eibAoDspQrxJEgfHXHg_r2ZFWrvhsrgEHNatK7QQLfo.js line 2 > eval line 814 > eval line 1 > eval line 1 > eval:1:22
l3@https://www.google.com/js/th/eibAoDspQrxJEgfHXHg_r2ZFWrvhsrgEHNatK7QQLfo.js line 2 > eval line 814 > eval line 1 > eval line 1 > eval:1:216
qc@https://www.google.com/js/th/eibAoDspQrxJEgfHXHg_r2ZFWrvhsrgEHNatK7QQLfo.js line 2 > eval line 814 > eval line 1 > eval line 1 > eval:1:49
@https://www.google.com/js/th/eibAoDspQrxJEgfHXHg_r2ZFWrvhsrgEHNatK7QQLfo.js line 2 > eval:814:49444
OU@https://www.google.com/js/th/eibAoDspQrxJEgfHXHg_r2ZFWrvhsrgEHNatK7QQLfo.js line 2 > eval:814:22018
Pn@https://www.google.com/js/th/eibAoDspQrxJEgfHXHg_r2ZFWrvhsrgEHNatK7QQLfo.js line 2 > eval:814:17982
I@https://www.google.com/js/th/eibAoDspQrxJEgfHXHg_r2ZFWrvhsrgEHNatK7QQLfo.js line 2 > eval:814:2778
M@https://www.google.com/js/th/eibAoDspQrxJEgfHXHg_r2ZFWrvhsrgEHNatK7QQLfo.js line 2 > eval line 814 > eval line 1 > eval line 1 > eval:1:201
Q.Pb@https://www.google.com/js/th/eibAoDspQrxJEgfHXHg_r2ZFWrvhsrgEHNatK7QQLfo.js line 2 > eval:814:47913
nx@https://www.google.com/js/th/eibAoDspQrxJEgfHXHg_r2ZFWrvhsrgEHNatK7QQLfo.js line 2 > eval:814:8498
@https://www.google.com/js/th/eibAoDspQrxJEgfHXHg_r2ZFWrvhsrgEHNatK7QQLfo.js line 2 > eval:814:51838
Ro.prototype.H1/c<@https://www.youtube.com/s/player/74bb7b07/player_ias.vflset/en_US/base.js:8298:135
g.k.uo@https://www.youtube.com/s/player/74bb7b07/player_ias.vflset/en_US/base.js:8294:35
Ro.prototype.H1@https://www.youtube.com/s/player/74bb7b07/player_ias.vflset/en_US/base.js:8298:112
sH.prototype.W2@https://www.youtube.com/s/player/74bb7b07/player_ias.vflset/en_US/base.js:9401:42
g.k.invoke@https://www.youtube.com/s/player/74bb7b07/player_ias.vflset/en_US/base.js:9394:64
ZOa@https://www.youtube.com/s/player/74bb7b07/player_ias.vflset/en_US/base.js:4177:47
g.bPa/a.c1a@https://www.youtube.com/s/player/74bb7b07/player_ias.vflset/en_US/base.js:4182:277
g.cPa@https://www.youtube.com/s/player/74bb7b07/player_ias.vflset/en_US/base.js:4185:168
g.k.JL@https://www.youtube.com/s/player/74bb7b07/player_ias.vflset/en_US/base.js:13076:261
g.k.sendAbandonmentPing@https://www.youtube.com/s/player/74bb7b07/player_ias.vflset/en_US/base.js:12959:107
g.k.sendAbandonmentPing@https://www.youtube.com/s/player/74bb7b07/player_ias.vflset/en_US/base.js:11030:62
AT/a.state.B[b]@https://www.youtube.com/s/player/74bb7b07/player_ias.vflset/en_US/base.js:5020:53
Mx/<@https://www.youtube.com/s/player/74bb7b07/www-embed-player.vflset/www-embed-player.js:1878:106
Yx@https://www.youtube.com/s/player/74bb7b07/www-embed-player.vflset/www-embed-player.js:1914:46
@https://www.youtube.com/s/player/74bb7b07/www-embed-player.vflset/www-embed-player.js:1922:137
gl/<@https://www.youtube.com/s/player/74bb7b07/www-embed-player.vflset/www-embed-player.js:906:63

JavaScript error: https://tightfistedrock.s2-tastewp.com/wp-content/plugins/everest-forms/assets/js/admin/printThis.min.min.js?ver=3.0.0.1, line 1: SyntaxError: expected expression, got '<'
console.error: ({})
JavaScript error: https://tightfistedrock.s2-tastewp.com/wp-admin/load-scripts.php?c=0&load%5Bchunk_0%5D=jquery-core,jquery-migrate,utils,moxiejs,plupload,wp-codemirror&ver=6.5.3, line 32: TypeError: a is undefined
1717487229280	Marionette	INFO	Stopped listening on port 56823
JavaScript warning: https://tightfistedrock.s2-tastewp.com/wp-content/plugins/everest-forms/assets/js/jquery-confirm/jquery-confirm.min.js?ver=3.3.0, line 10: Script terminated by timeout at:
_watchContent/this._timer<@https://tightfistedrock.s2-tastewp.com/wp-content/plugins/everest-forms/assets/js/jquery-confirm/jquery-confirm.min.js?ver=3.3.0:10:11523

Dynamically enable window occlusion 1
console.warn: services.settings: main/search-config sync interrupted by shutdown
console.error: (new Error("IndexedDB: main/devtools-news getLastModified() IndexedDB:  execute() The application is shutting down", "resource://services-settings/IDBHelpers.sys.mjs", 16))
