1717428158019	geckodriver	INFO	Listening on 127.0.0.1:58801
1717428161290	mozrunner::runner	INFO	Running command: "C:\\Program Files\\Mozilla Firefox\\firefox.exe" "--marionette" "--remote-debugging-port" "58802" "--remote-allow-hosts" "localhost" "-no-remote" "-profile" "C:\\Users\\s\\AppData\\Local\\Temp\\rust_mozprofileyc2oyg"
console.warn: services.settings: Ignoring preference override of remote settings server
console.warn: services.settings: Allow by setting MOZ_REMOTE_SETTINGS_DEVTOOLS=1 in the environment
Dynamically enable window occlusion 0
1717428163013	Marionette	INFO	Marionette enabled
1717428163282	Marionette	INFO	Listening on port 58811
WebDriver BiDi listening on ws://127.0.0.1:58802
Read port: 58811
1717428163852	RemoteAgent	WARN	TLS certificate errors will be ignored for this session
DevTools listening on ws://127.0.0.1:58802/devtools/browser/e9b25667-a601-480f-9655-274532321f10
console.error: services.settings: 
  main/query-stripping Signature failed  TypeError: NetworkError: Network request failed
console.error: (new NetworkError("Network error: TypeError: NetworkError: Network request failed", "resource://services-settings/RemoteSettingsClient.sys.mjs", 107))
console.warn: LoginRecipes: "Falling back to a synchronous message for: https://tightfistedrock.s2-tastewp.com."
1717428193564	addons.xpi	ERROR	System addon update list error SyntaxError: XMLHttpRequest.open: 'http://%(server)s/dummy-system-addons.xml' is not a valid URL.
console.warn: LoginRecipes: "Falling back to a synchronous message for: https://tightfistedrock.s2-tastewp.com."
JavaScript error: https://tightfistedrock.s2-tastewp.com/wp-content/plugins/everest-forms/assets/js/admin/printThis.min.min.js?ver=3.0.0.1, line 1: SyntaxError: expected expression, got '<'
console.error: ({})
JavaScript warning: https://www.google.com/js/th/eibAoDspQrxJEgfHXHg_r2ZFWrvhsrgEHNatK7QQLfo.js line 2 > eval, line 1472: Script terminated by timeout at:
r@https://www.google.com/js/th/eibAoDspQrxJEgfHXHg_r2ZFWrvhsrgEHNatK7QQLfo.js line 2 > eval:1472:12429
Zn@https://www.google.com/js/th/eibAoDspQrxJEgfHXHg_r2ZFWrvhsrgEHNatK7QQLfo.js line 2 > eval line 1472 > eval line 1 > eval line 1 > eval:1:172
mm@https://www.google.com/js/th/eibAoDspQrxJEgfHXHg_r2ZFWrvhsrgEHNatK7QQLfo.js line 2 > eval line 1472 > eval line 1 > eval line 1 > eval:1:219
X@https://www.google.com/js/th/eibAoDspQrxJEgfHXHg_r2ZFWrvhsrgEHNatK7QQLfo.js line 2 > eval line 1472 > eval line 1 > eval line 1 > eval:1:254
l3@https://www.google.com/js/th/eibAoDspQrxJEgfHXHg_r2ZFWrvhsrgEHNatK7QQLfo.js line 2 > eval line 1472 > eval line 1 > eval line 1 > eval:1:152
qc@https://www.google.com/js/th/eibAoDspQrxJEgfHXHg_r2ZFWrvhsrgEHNatK7QQLfo.js line 2 > eval line 1472 > eval line 1 > eval line 1 > eval:1:49
@https://www.google.com/js/th/eibAoDspQrxJEgfHXHg_r2ZFWrvhsrgEHNatK7QQLfo.js line 2 > eval:1472:49444
OU@https://www.google.com/js/th/eibAoDspQrxJEgfHXHg_r2ZFWrvhsrgEHNatK7QQLfo.js line 2 > eval:1472:22018
Pn@https://www.google.com/js/th/eibAoDspQrxJEgfHXHg_r2ZFWrvhsrgEHNatK7QQLfo.js line 2 > eval:1472:17982
I@https://www.google.com/js/th/eibAoDspQrxJEgfHXHg_r2ZFWrvhsrgEHNatK7QQLfo.js line 2 > eval:1472:2778
M@https://www.google.com/js/th/eibAoDspQrxJEgfHXHg_r2ZFWrvhsrgEHNatK7QQLfo.js line 2 > eval line 1472 > eval line 1 > eval line 1 > eval:1:201
Q.Pb@https://www.google.com/js/th/eibAoDspQrxJEgfHXHg_r2ZFWrvhsrgEHNatK7QQLfo.js line 2 > eval:1472:47913
nx@https://www.google.com/js/th/eibAoDspQrxJEgfHXHg_r2ZFWrvhsrgEHNatK7QQLfo.js line 2 > eval:1472:8498
@https://www.google.com/js/th/eibAoDspQrxJEgfHXHg_r2ZFWrvhsrgEHNatK7QQLfo.js line 2 > eval:1472:51838
Qo.prototype.G1/c<@https://www.youtube.com/s/player/79e6d03a/player_ias.vflset/en_US/base.js:8294:135
g.k.qo@https://www.youtube.com/s/player/79e6d03a/player_ias.vflset/en_US/base.js:8290:35
Qo.prototype.G1@https://www.youtube.com/s/player/79e6d03a/player_ias.vflset/en_US/base.js:8294:112
qH.prototype.V2@https://www.youtube.com/s/player/79e6d03a/player_ias.vflset/en_US/base.js:9396:42
g.k.invoke@https://www.youtube.com/s/player/79e6d03a/player_ias.vflset/en_US/base.js:9389:64
YOa@https://www.youtube.com/s/player/79e6d03a/player_ias.vflset/en_US/base.js:4174:47
g.aPa/a.c1a@https://www.youtube.com/s/player/79e6d03a/player_ias.vflset/en_US/base.js:4179:277
g.bPa@https://www.youtube.com/s/player/79e6d03a/player_ias.vflset/en_US/base.js:4182:168
g.k.JL@https://www.youtube.com/s/player/79e6d03a/player_ias.vflset/en_US/base.js:13069:261
g.k.sendAbandonmentPing@https://www.youtube.com/s/player/79e6d03a/player_ias.vflset/en_US/base.js:12952:107
g.k.sendAbandonmentPing@https://www.youtube.com/s/player/79e6d03a/player_ias.vflset/en_US/base.js:11023:62
yT/a.state.B[b]@https://www.youtube.com/s/player/79e6d03a/player_ias.vflset/en_US/base.js:5016:53
Hx/<@https://www.youtube.com/s/player/79e6d03a/www-embed-player.vflset/www-embed-player.js:1873:106
Tx@https://www.youtube.com/s/player/79e6d03a/www-embed-player.vflset/www-embed-player.js:1909:46
@https://www.youtube.com/s/player/79e6d03a/www-embed-player.vflset/www-embed-player.js:1917:137
fl/<@https://www.youtube.com/s/player/79e6d03a/www-embed-player.vflset/www-embed-player.js:906:63

JavaScript error: https://tightfistedrock.s2-tastewp.com/wp-content/plugins/everest-forms/assets/js/admin/printThis.min.min.js?ver=3.0.0.1, line 1: SyntaxError: expected expression, got '<'
console.error: ({})
JavaScript error: https://tightfistedrock.s2-tastewp.com/wp-admin/load-scripts.php?c=0&load%5Bchunk_0%5D=jquery-core,jquery-migrate,utils,moxiejs,plupload,wp-codemirror&ver=6.5.3, line 32: TypeError: a is undefined
1717428289231	Marionette	INFO	Stopped listening on port 58811
Dynamically enable window occlusion 1
