1717499986418	geckodriver	INFO	Listening on 127.0.0.1:50169
1717499989493	mozrunner::runner	INFO	Running command: "C:\\Program Files\\Mozilla Firefox\\firefox.exe" "--marionette" "--remote-debugging-port" "50170" "--remote-allow-hosts" "localhost" "-no-remote" "-profile" "C:\\Users\\s\\AppData\\Local\\Temp\\rust_mozprofileE0nHyU"
console.warn: services.settings: Ignoring preference override of remote settings server
console.warn: services.settings: Allow by setting MOZ_REMOTE_SETTINGS_DEVTOOLS=1 in the environment
Dynamically enable window occlusion 0
1717499990467	Marionette	INFO	Marionette enabled
1717499990588	Marionette	INFO	Listening on port 50179
WebDriver BiDi listening on ws://127.0.0.1:50170
Read port: 50179
1717499990909	RemoteAgent	WARN	TLS certificate errors will be ignored for this session
DevTools listening on ws://127.0.0.1:50170/devtools/browser/49237864-cd4f-454e-981a-6a42e68246b2
console.warn: LoginRecipes: "Falling back to a synchronous message for: https://tightfistedrock.s2-tastewp.com."
console.warn: LoginRecipes: "Falling back to a synchronous message for: https://tightfistedrock.s2-tastewp.com."
JavaScript error: https://tightfistedrock.s2-tastewp.com/wp-content/plugins/everest-forms-survey-polls-quiz/assets/js/admin/printThis.min.min.js?ver=1.2.7, line 1: SyntaxError: expected expression, got '<'
console.error: ({})
JavaScript warning: https://www.youtube.com/s/player/74bb7b07/www-embed-player.vflset/www-embed-player.js, line 906: Script terminated by timeout at:
gl/<@https://www.youtube.com/s/player/74bb7b07/www-embed-player.vflset/www-embed-player.js:906:47

JavaScript error: https://tightfistedrock.s2-tastewp.com/wp-content/plugins/everest-forms-survey-polls-quiz/assets/js/admin/printThis.min.min.js?ver=1.2.7, line 1: SyntaxError: expected expression, got '<'
console.error: ({})
JavaScript error: https://tightfistedrock.s2-tastewp.com/wp-admin/load-scripts.php?c=0&load%5Bchunk_0%5D=jquery-core,jquery-migrate,utils,moxiejs,plupload,wp-codemirror&ver=6.5.3, line 32: TypeError: a is undefined
JavaScript error: https://tightfistedrock.s2-tastewp.com/wp-content/plugins/everest-forms-survey-polls-quiz/assets/js/admin/printThis.min.min.js?ver=1.2.7, line 1: SyntaxError: expected expression, got '<'
console.error: ({})
1717500020685	addons.xpi	ERROR	System addon update list error SyntaxError: XMLHttpRequest.open: 'http://%(server)s/dummy-system-addons.xml' is not a valid URL.
console.error: ({})
console.error: ({})
1717500044942	Marionette	INFO	Stopped listening on port 50179
JavaScript warning: https://tightfistedrock.s2-tastewp.com/wp-includes/js/jquery/jquery.min.js?ver=3.7.1, line 2: Script terminated by timeout at:
remove@https://tightfistedrock.s2-tastewp.com/wp-includes/js/jquery/jquery.min.js?ver=3.7.1:2:30497
_queueHooks/<.empty<@https://tightfistedrock.s2-tastewp.com/wp-includes/js/jquery/jquery.min.js?ver=3.7.1:2:32473
c@https://tightfistedrock.s2-tastewp.com/wp-includes/js/jquery/jquery.min.js?ver=3.7.1:2:25304
fireWith@https://tightfistedrock.s2-tastewp.com/wp-includes/js/jquery/jquery.min.js?ver=3.7.1:2:26053
fire@https://tightfistedrock.s2-tastewp.com/wp-includes/js/jquery/jquery.min.js?ver=3.7.1:2:26089
dequeue@https://tightfistedrock.s2-tastewp.com/wp-includes/js/jquery/jquery.min.js?ver=3.7.1:2:32334
ce.speed/r.complete@https://tightfistedrock.s2-tastewp.com/wp-includes/js/jquery/jquery.min.js?ver=3.7.1:2:61113
c@https://tightfistedrock.s2-tastewp.com/wp-includes/js/jquery/jquery.min.js?ver=3.7.1:2:25304
fireWith@https://tightfistedrock.s2-tastewp.com/wp-includes/js/jquery/jquery.min.js?ver=3.7.1:2:26053
u@https://tightfistedrock.s2-tastewp.com/wp-includes/js/jquery/jquery.min.js?ver=3.7.1:2:57797
ce.fx.tick@https://tightfistedrock.s2-tastewp.com/wp-includes/js/jquery/jquery.min.js?ver=3.7.1:2:62805
dt@https://tightfistedrock.s2-tastewp.com/wp-includes/js/jquery/jquery.min.js?ver=3.7.1:2:57121

Dynamically enable window occlusion 1
