1717475959986	geckodriver	INFO	Listening on 127.0.0.1:64376
1717475962956	mozrunner::runner	INFO	Running command: "C:\\Program Files\\Mozilla Firefox\\firefox.exe" "--marionette" "--remote-debugging-port" "64377" "--remote-allow-hosts" "localhost" "-no-remote" "-profile" "C:\\Users\\s\\AppData\\Local\\Temp\\rust_mozprofileUO5kQg"
console.warn: services.settings: Ignoring preference override of remote settings server
console.warn: services.settings: Allow by setting MOZ_REMOTE_SETTINGS_DEVTOOLS=1 in the environment
Dynamically enable window occlusion 0
1717475963913	Marionette	INFO	Marionette enabled
1717475964157	Marionette	INFO	Listening on port 64386
WebDriver BiDi listening on ws://127.0.0.1:64377
Read port: 64386
1717475964508	RemoteAgent	WARN	TLS certificate errors will be ignored for this session
DevTools listening on ws://127.0.0.1:64377/devtools/browser/5b17944d-0f82-46b4-b53f-6bf7ca28636d
console.warn: LoginRecipes: "Falling back to a synchronous message for: https://tightfistedrock.s2-tastewp.com."
console.warn: LoginRecipes: "Falling back to a synchronous message for: https://tightfistedrock.s2-tastewp.com."
JavaScript error: https://tightfistedrock.s2-tastewp.com/wp-content/plugins/everest-forms/assets/js/admin/printThis.min.min.js?ver=3.0.0.1, line 1: SyntaxError: expected expression, got '<'
console.error: ({})
JavaScript warning: https://www.youtube.com/s/player/74bb7b07/player_ias.vflset/en_US/base.js, line 158: Script terminated by timeout at:
g.Ia@https://www.youtube.com/s/player/74bb7b07/player_ias.vflset/en_US/base.js:158:14
g.k.cV@https://www.youtube.com/s/player/74bb7b07/player_ias.vflset/en_US/base.js:8056:30
g.k.YO@https://www.youtube.com/s/player/74bb7b07/player_ias.vflset/en_US/base.js:8053:30
g.k.r8@https://www.youtube.com/s/player/74bb7b07/player_ias.vflset/en_US/base.js:8054:30
tb.prototype.B@https://www.youtube.com/s/player/74bb7b07/player_ias.vflset/en_US/base.js:8056:156
g.k.WM@https://www.youtube.com/s/player/74bb7b07/player_ias.vflset/en_US/base.js:8141:89
g.k.Nk@https://www.youtube.com/s/player/74bb7b07/player_ias.vflset/en_US/base.js:8140:25
g.k.EQ@https://www.youtube.com/s/player/74bb7b07/player_ias.vflset/en_US/base.js:8292:58
Ro.prototype.H1@https://www.youtube.com/s/player/74bb7b07/player_ias.vflset/en_US/base.js:8298:93
sH.prototype.W2@https://www.youtube.com/s/player/74bb7b07/player_ias.vflset/en_US/base.js:9401:42
g.k.invoke@https://www.youtube.com/s/player/74bb7b07/player_ias.vflset/en_US/base.js:9394:64
ZOa@https://www.youtube.com/s/player/74bb7b07/player_ias.vflset/en_US/base.js:4177:47
g.bPa/a.c1a@https://www.youtube.com/s/player/74bb7b07/player_ias.vflset/en_US/base.js:4182:277
g.cPa@https://www.youtube.com/s/player/74bb7b07/player_ias.vflset/en_US/base.js:4185:168
g.k.JL@https://www.youtube.com/s/player/74bb7b07/player_ias.vflset/en_US/base.js:13076:261
g.k.sendAbandonmentPing@https://www.youtube.com/s/player/74bb7b07/player_ias.vflset/en_US/base.js:12959:107
g.k.sendAbandonmentPing@https://www.youtube.com/s/player/74bb7b07/player_ias.vflset/en_US/base.js:11030:62
AT/a.state.B[b]@https://www.youtube.com/s/player/74bb7b07/player_ias.vflset/en_US/base.js:5020:53
Mx/<@https://www.youtube.com/s/player/74bb7b07/www-embed-player.vflset/www-embed-player.js:1878:106
Yx@https://www.youtube.com/s/player/74bb7b07/www-embed-player.vflset/www-embed-player.js:1914:46
@https://www.youtube.com/s/player/74bb7b07/www-embed-player.vflset/www-embed-player.js:1922:137
gl/<@https://www.youtube.com/s/player/74bb7b07/www-embed-player.vflset/www-embed-player.js:906:63

JavaScript error: https://tightfistedrock.s2-tastewp.com/wp-content/plugins/everest-forms/assets/js/admin/printThis.min.min.js?ver=3.0.0.1, line 1: SyntaxError: expected expression, got '<'
console.error: ({})
JavaScript error: https://tightfistedrock.s2-tastewp.com/wp-admin/load-scripts.php?c=0&load%5Bchunk_0%5D=jquery-core,jquery-migrate,utils,moxiejs,plupload,wp-codemirror&ver=6.5.3, line 32: TypeError: a is undefined
JavaScript error: https://tightfistedrock.s2-tastewp.com/wp-content/plugins/everest-forms/assets/js/admin/printThis.min.min.js?ver=3.0.0.1, line 1: SyntaxError: expected expression, got '<'
console.error: ({})
1717475992483	Marionette	INFO	Stopped listening on port 64386
JavaScript warning: https://tightfistedrock.s2-tastewp.com/wp-admin/load-scripts.php?c=0&load%5Bchunk_0%5D=jquery-core,jquery-migrate,utils,moxiejs,plupload,wp-codemirror&ver=6.5.3, line 2: Script terminated by timeout at:
dt@https://tightfistedrock.s2-tastewp.com/wp-admin/load-scripts.php?c=0&load%5Bchunk_0%5D=jquery-core,jquery-migrate,utils,moxiejs,plupload,wp-codemirror&ver=6.5.3:2:57008

Dynamically enable window occlusion 1
