1717489661495	geckodriver	INFO	Listening on 127.0.0.1:59138
1717489664542	mozrunner::runner	INFO	Running command: "C:\\Program Files\\Mozilla Firefox\\firefox.exe" "--marionette" "--remote-debugging-port" "59139" "--remote-allow-hosts" "localhost" "-no-remote" "-profile" "C:\\Users\\s\\AppData\\Local\\Temp\\rust_mozprofilewDZ9YS"
console.warn: services.settings: Ignoring preference override of remote settings server
console.warn: services.settings: Allow by setting MOZ_REMOTE_SETTINGS_DEVTOOLS=1 in the environment
Dynamically enable window occlusion 0
1717489665506	Marionette	INFO	Marionette enabled
1717489665616	Marionette	INFO	Listening on port 59149
WebDriver BiDi listening on ws://127.0.0.1:59139
Read port: 59149
1717489666030	RemoteAgent	WARN	TLS certificate errors will be ignored for this session
DevTools listening on ws://127.0.0.1:59139/devtools/browser/014f21c5-2bc6-48e4-b0a9-dd0a8fb49cac
console.warn: LoginRecipes: "Falling back to a synchronous message for: https://tightfistedrock.s2-tastewp.com."
console.warn: LoginRecipes: "Falling back to a synchronous message for: https://tightfistedrock.s2-tastewp.com."
JavaScript error: https://tightfistedrock.s2-tastewp.com/wp-content/plugins/everest-forms/assets/js/admin/printThis.min.min.js?ver=3.0.0.1, line 1: SyntaxError: expected expression, got '<'
console.error: ({})
JavaScript warning: https://www.youtube.com/s/player/4b63a6a1/www-embed-player.vflset/www-embed-player.js, line 906: Script terminated by timeout at:
fl/<@https://www.youtube.com/s/player/4b63a6a1/www-embed-player.vflset/www-embed-player.js:906:47

JavaScript error: https://tightfistedrock.s2-tastewp.com/wp-content/plugins/everest-forms/assets/js/admin/printThis.min.min.js?ver=3.0.0.1, line 1: SyntaxError: expected expression, got '<'
console.error: ({})
JavaScript error: https://tightfistedrock.s2-tastewp.com/wp-admin/load-scripts.php?c=0&load%5Bchunk_0%5D=jquery-core,jquery-migrate,utils,moxiejs,plupload,wp-codemirror&ver=6.5.3, line 32: TypeError: a is undefined
JavaScript error: https://tightfistedrock.s2-tastewp.com/wp-content/plugins/everest-forms/assets/js/admin/printThis.min.min.js?ver=3.0.0.1, line 1: SyntaxError: expected expression, got '<'
console.error: ({})
1717489696269	addons.xpi	ERROR	System addon update list error SyntaxError: XMLHttpRequest.open: 'http://%(server)s/dummy-system-addons.xml' is not a valid URL.
console.error: ({})
1717489712493	Marionette	INFO	Stopped listening on port 59149
JavaScript warning: https://tightfistedrock.s2-tastewp.com/wp-admin/load-scripts.php?c=0&load%5Bchunk_0%5D=jquery-core,jquery-migrate,utils,moxiejs,plupload,wp-codemirror&ver=6.5.3, line 2: Script terminated by timeout at:
on@https://tightfistedrock.s2-tastewp.com/wp-admin/load-scripts.php?c=0&load%5Bchunk_0%5D=jquery-core,jquery-migrate,utils,moxiejs,plupload,wp-codemirror&ver=6.5.3:2:44461
b@https://tightfistedrock.s2-tastewp.com/wp-includes/js/heartbeat.min.js?ver=6.5.3:2:3166

Dynamically enable window occlusion 1
