1717483314881	geckodriver	INFO	Listening on 127.0.0.1:54018
1717483317940	mozrunner::runner	INFO	Running command: "C:\\Program Files\\Mozilla Firefox\\firefox.exe" "--marionette" "--remote-debugging-port" "54019" "--remote-allow-hosts" "localhost" "-no-remote" "-profile" "C:\\Users\\s\\AppData\\Local\\Temp\\rust_mozprofileiAlMp0"
console.warn: services.settings: Ignoring preference override of remote settings server
console.warn: services.settings: Allow by setting MOZ_REMOTE_SETTINGS_DEVTOOLS=1 in the environment
Dynamically enable window occlusion 0
1717483318722	Marionette	INFO	Marionette enabled
1717483318883	Marionette	INFO	Listening on port 54028
WebDriver BiDi listening on ws://127.0.0.1:54019
Read port: 54028
1717483319478	RemoteAgent	WARN	TLS certificate errors will be ignored for this session
DevTools listening on ws://127.0.0.1:54019/devtools/browser/779eb518-5eae-48a0-8b81-b6e623e4dffe
console.error: BackupService: "Failed to measure for resource: miscellaneous" (new NotFoundError("Could not stat `C:\\Users\\s\\AppData\\Local\\Temp\\rust_mozprofileiAlMp0\\storage\\permanent\\chrome\\idb\\2823318777ntouromlalnodry--naod.sqlite-journal': file does not exist (NS_ERROR_FILE_NOT_FOUND)", (void 0)))
console.warn: LoginRecipes: "Falling back to a synchronous message for: https://tightfistedrock.s2-tastewp.com."
console.warn: LoginRecipes: "Falling back to a synchronous message for: https://tightfistedrock.s2-tastewp.com."
JavaScript error: https://tightfistedrock.s2-tastewp.com/wp-content/plugins/everest-forms/assets/js/admin/printThis.min.min.js?ver=3.0.0.1, line 1: SyntaxError: expected expression, got '<'
console.error: ({})
JavaScript warning: https://www.youtube.com/s/player/74bb7b07/player_ias.vflset/en_US/base.js, line 12970: Script terminated by timeout at:
g.k.getPlayerState@https://www.youtube.com/s/player/74bb7b07/player_ias.vflset/en_US/base.js:12970:28
g.k.sendAbandonmentPing@https://www.youtube.com/s/player/74bb7b07/player_ias.vflset/en_US/base.js:12959:46
g.k.sendAbandonmentPing@https://www.youtube.com/s/player/74bb7b07/player_ias.vflset/en_US/base.js:11030:62
AT/a.state.B[b]@https://www.youtube.com/s/player/74bb7b07/player_ias.vflset/en_US/base.js:5020:53
Mx/<@https://www.youtube.com/s/player/74bb7b07/www-embed-player.vflset/www-embed-player.js:1878:106
Yx@https://www.youtube.com/s/player/74bb7b07/www-embed-player.vflset/www-embed-player.js:1914:46
@https://www.youtube.com/s/player/74bb7b07/www-embed-player.vflset/www-embed-player.js:1922:137
gl/<@https://www.youtube.com/s/player/74bb7b07/www-embed-player.vflset/www-embed-player.js:906:63

JavaScript error: https://tightfistedrock.s2-tastewp.com/wp-content/plugins/everest-forms/assets/js/admin/printThis.min.min.js?ver=3.0.0.1, line 1: SyntaxError: expected expression, got '<'
console.error: ({})
JavaScript error: https://tightfistedrock.s2-tastewp.com/wp-admin/load-scripts.php?c=0&load%5Bchunk_0%5D=jquery-core,jquery-migrate,utils,moxiejs,plupload,wp-codemirror&ver=6.5.3, line 32: TypeError: a is undefined
JavaScript error: https://tightfistedrock.s2-tastewp.com/wp-content/plugins/everest-forms/assets/js/admin/printThis.min.min.js?ver=3.0.0.1, line 1: SyntaxError: expected expression, got '<'
console.error: ({})
1717483348871	addons.xpi	ERROR	System addon update list error SyntaxError: XMLHttpRequest.open: 'http://%(server)s/dummy-system-addons.xml' is not a valid URL.
console.error: ({})
1717483378068	Marionette	INFO	Stopped listening on port 54028
JavaScript warning: https://tightfistedrock.s2-tastewp.com/wp-content/plugins/everest-forms/assets/js/tooltipster/tooltipster.bundle.min.js?ver=4.6.2, line 1: Script terminated by timeout at:
__prepareGC/t.__garbageCollector<@https://tightfistedrock.s2-tastewp.com/wp-content/plugins/everest-forms/assets/js/tooltipster/tooltipster.bundle.min.js?ver=4.6.2:1:10365

Dynamically enable window occlusion 1
*** UTM:SVC TimerManager:registerTimer called after profile-before-change notification. Ignoring timer registration for id: telemetry_modules_ping
*** UTM:SVC TimerManager:registerTimer called after profile-before-change notification. Ignoring timer registration for id: telemetry_untrustedmodules_ping
