1717478296274	geckodriver	INFO	Listening on 127.0.0.1:50789
1717478299590	mozrunner::runner	INFO	Running command: "C:\\Program Files\\Mozilla Firefox\\firefox.exe" "--marionette" "--remote-debugging-port" "50790" "--remote-allow-hosts" "localhost" "-no-remote" "-profile" "C:\\Users\\s\\AppData\\Local\\Temp\\rust_mozprofilesgzJKW"
console.warn: services.settings: Ignoring preference override of remote settings server
console.warn: services.settings: Allow by setting MOZ_REMOTE_SETTINGS_DEVTOOLS=1 in the environment
Dynamically enable window occlusion 0
1717478300902	Marionette	INFO	Marionette enabled
1717478301139	Marionette	INFO	Listening on port 50804
WebDriver BiDi listening on ws://127.0.0.1:50790
Read port: 50804
1717478301822	RemoteAgent	WARN	TLS certificate errors will be ignored for this session
DevTools listening on ws://127.0.0.1:50790/devtools/browser/3b5086d1-a522-4268-b2ba-8af12349c1cf
console.warn: LoginRecipes: "Falling back to a synchronous message for: https://tightfistedrock.s2-tastewp.com."
console.warn: LoginRecipes: "Falling back to a synchronous message for: https://tightfistedrock.s2-tastewp.com."
JavaScript error: https://tightfistedrock.s2-tastewp.com/wp-content/plugins/everest-forms/assets/js/admin/printThis.min.min.js?ver=3.0.0.1, line 1: SyntaxError: expected expression, got '<'
console.error: ({})
JavaScript warning: https://www.google.com/js/th/FHXt-ZpPKLM2XuMZDyrrKVvy6GX-cD2y8UJZdRpFU_w.js line 2 > eval line 4504 > eval line 1 > eval line 1 > eval, line 1: Script terminated by timeout at:
K@https://www.google.com/js/th/FHXt-ZpPKLM2XuMZDyrrKVvy6GX-cD2y8UJZdRpFU_w.js line 2 > eval line 4504 > eval line 1 > eval line 1 > eval:1:24
@https://www.google.com/js/th/FHXt-ZpPKLM2XuMZDyrrKVvy6GX-cD2y8UJZdRpFU_w.js line 2 > eval line 4504 > eval line 1 > eval line 1 > eval:1:26
t5@https://www.google.com/js/th/FHXt-ZpPKLM2XuMZDyrrKVvy6GX-cD2y8UJZdRpFU_w.js line 2 > eval line 4504 > eval line 1 > eval line 1 > eval:1:238
rt@https://www.google.com/js/th/FHXt-ZpPKLM2XuMZDyrrKVvy6GX-cD2y8UJZdRpFU_w.js line 2 > eval line 4504 > eval line 1 > eval line 1 > eval:1:47
v.J</<@https://www.google.com/js/th/FHXt-ZpPKLM2XuMZDyrrKVvy6GX-cD2y8UJZdRpFU_w.js line 2 > eval:4504:48645
cZ@https://www.google.com/js/th/FHXt-ZpPKLM2XuMZDyrrKVvy6GX-cD2y8UJZdRpFU_w.js line 2 > eval:4504:33554
BZ@https://www.google.com/js/th/FHXt-ZpPKLM2XuMZDyrrKVvy6GX-cD2y8UJZdRpFU_w.js line 2 > eval:4504:10293
w@https://www.google.com/js/th/FHXt-ZpPKLM2XuMZDyrrKVvy6GX-cD2y8UJZdRpFU_w.js line 2 > eval:4504:16351
zM@https://www.google.com/js/th/FHXt-ZpPKLM2XuMZDyrrKVvy6GX-cD2y8UJZdRpFU_w.js line 2 > eval line 4504 > eval line 1 > eval line 1 > eval:1:190
@https://www.google.com/js/th/FHXt-ZpPKLM2XuMZDyrrKVvy6GX-cD2y8UJZdRpFU_w.js line 2 > eval:4504:47138
R1@https://www.google.com/js/th/FHXt-ZpPKLM2XuMZDyrrKVvy6GX-cD2y8UJZdRpFU_w.js line 2 > eval:4504:8542
j$.qwc_/<@https://www.google.com/js/th/FHXt-ZpPKLM2XuMZDyrrKVvy6GX-cD2y8UJZdRpFU_w.js line 2 > eval:4504:51179
Ro.prototype.H1/c<@https://www.youtube.com/s/player/74bb7b07/player_ias.vflset/en_US/base.js:8298:135
g.k.uo@https://www.youtube.com/s/player/74bb7b07/player_ias.vflset/en_US/base.js:8294:35
Ro.prototype.H1@https://www.youtube.com/s/player/74bb7b07/player_ias.vflset/en_US/base.js:8298:112
sH.prototype.W2@https://www.youtube.com/s/player/74bb7b07/player_ias.vflset/en_US/base.js:9401:42
g.k.invoke@https://www.youtube.com/s/player/74bb7b07/player_ias.vflset/en_US/base.js:9394:64
ZOa@https://www.youtube.com/s/player/74bb7b07/player_ias.vflset/en_US/base.js:4177:47
g.bPa/a.c1a@https://www.youtube.com/s/player/74bb7b07/player_ias.vflset/en_US/base.js:4182:277
g.cPa@https://www.youtube.com/s/player/74bb7b07/player_ias.vflset/en_US/base.js:4185:168
g.k.JL@https://www.youtube.com/s/player/74bb7b07/player_ias.vflset/en_US/base.js:13076:261
g.k.sendAbandonmentPing@https://www.youtube.com/s/player/74bb7b07/player_ias.vflset/en_US/base.js:12959:107
g.k.sendAbandonmentPing@https://www.youtube.com/s/player/74bb7b07/player_ias.vflset/en_US/base.js:11030:62
AT/a.state.B[b]@https://www.youtube.com/s/player/74bb7b07/player_ias.vflset/en_US/base.js:5020:53
Mx/<@https://www.youtube.com/s/player/74bb7b07/www-embed-player.vflset/www-embed-player.js:1878:106
Yx@https://www.youtube.com/s/player/74bb7b07/www-embed-player.vflset/www-embed-player.js:1914:46
@https://www.youtube.com/s/player/74bb7b07/www-embed-player.vflset/www-embed-player.js:1922:137
gl/<@https://www.youtube.com/s/player/74bb7b07/www-embed-player.vflset/www-embed-player.js:906:63

JavaScript error: https://tightfistedrock.s2-tastewp.com/wp-content/plugins/everest-forms/assets/js/admin/printThis.min.min.js?ver=3.0.0.1, line 1: SyntaxError: expected expression, got '<'
1717478331450	addons.xpi	ERROR	System addon update list error SyntaxError: XMLHttpRequest.open: 'http://%(server)s/dummy-system-addons.xml' is not a valid URL.
console.error: ({})
JavaScript error: https://tightfistedrock.s2-tastewp.com/wp-admin/load-scripts.php?c=0&load%5Bchunk_0%5D=jquery-core,jquery-migrate,utils,moxiejs,plupload,wp-codemirror&ver=6.5.3, line 32: TypeError: a is undefined
JavaScript error: https://tightfistedrock.s2-tastewp.com/wp-content/plugins/everest-forms/assets/js/admin/printThis.min.min.js?ver=3.0.0.1, line 1: SyntaxError: expected expression, got '<'
console.error: ({})
1717478344275	Marionette	INFO	Stopped listening on port 50804
JavaScript warning: https://tightfistedrock.s2-tastewp.com/wp-includes/js/heartbeat.min.js?ver=6.5.3, line 2: Script terminated by timeout at:
s@https://tightfistedrock.s2-tastewp.com/wp-includes/js/heartbeat.min.js?ver=6.5.3:2:699

Dynamically enable window occlusion 1
