1717478854656	geckodriver	INFO	Listening on 127.0.0.1:51262
1717478857735	mozrunner::runner	INFO	Running command: "C:\\Program Files\\Mozilla Firefox\\firefox.exe" "--marionette" "--remote-debugging-port" "51263" "--remote-allow-hosts" "localhost" "-no-remote" "-profile" "C:\\Users\\s\\AppData\\Local\\Temp\\rust_mozprofile9k8pFy"
console.warn: services.settings: Ignoring preference override of remote settings server
console.warn: services.settings: Allow by setting MOZ_REMOTE_SETTINGS_DEVTOOLS=1 in the environment
Dynamically enable window occlusion 0
1717478858448	Marionette	INFO	Marionette enabled
1717478858553	Marionette	INFO	Listening on port 51272
WebDriver BiDi listening on ws://127.0.0.1:51263
Read port: 51272
1717478859126	RemoteAgent	WARN	TLS certificate errors will be ignored for this session
DevTools listening on ws://127.0.0.1:51263/devtools/browser/0b75b84c-1669-4da2-8abe-55ef23f4f118
console.warn: LoginRecipes: "Falling back to a synchronous message for: https://tightfistedrock.s2-tastewp.com."
console.warn: LoginRecipes: "Falling back to a synchronous message for: https://tightfistedrock.s2-tastewp.com."
JavaScript error: https://tightfistedrock.s2-tastewp.com/wp-content/plugins/everest-forms/assets/js/admin/printThis.min.min.js?ver=3.0.0.1, line 1: SyntaxError: expected expression, got '<'
console.error: ({})
1717478888490	addons.xpi	ERROR	System addon update list error SyntaxError: XMLHttpRequest.open: 'http://%(server)s/dummy-system-addons.xml' is not a valid URL.
JavaScript warning: https://www.youtube.com/s/player/74bb7b07/player_ias.vflset/en_US/base.js, line 7344: Script terminated by timeout at:
M0@https://www.youtube.com/s/player/74bb7b07/player_ias.vflset/en_US/base.js:7344:24
g.k.getCurrentTime@https://www.youtube.com/s/player/74bb7b07/player_ias.vflset/en_US/base.js:13177:385
g.k.getCurrentTime@https://www.youtube.com/s/player/74bb7b07/player_ias.vflset/en_US/base.js:10867:287
g.k.Sc@https://www.youtube.com/s/player/74bb7b07/player_ias.vflset/en_US/base.js:11845:43
g.k.Bg@https://www.youtube.com/s/player/74bb7b07/player_ias.vflset/en_US/base.js:11972:268
g.k.p4@https://www.youtube.com/s/player/74bb7b07/player_ias.vflset/en_US/base.js:11974:24
g.k.A5@https://www.youtube.com/s/player/74bb7b07/player_ias.vflset/en_US/base.js:8663:65

JavaScript warning: https://www.google.com/js/th/FHXt-ZpPKLM2XuMZDyrrKVvy6GX-cD2y8UJZdRpFU_w.js line 2 > eval line 1174 > eval line 1 > eval line 1 > eval, line 1: WEBGL_debug_renderer_info is deprecated in Firefox and will be removed. Please use RENDERER.
JavaScript error: https://tightfistedrock.s2-tastewp.com/wp-content/plugins/everest-forms/assets/js/admin/printThis.min.min.js?ver=3.0.0.1, line 1: SyntaxError: expected expression, got '<'
console.error: ({})
JavaScript error: https://tightfistedrock.s2-tastewp.com/wp-admin/load-scripts.php?c=0&load%5Bchunk_0%5D=jquery-core,jquery-migrate,utils,moxiejs,plupload,wp-codemirror&ver=6.5.3, line 32: TypeError: a is undefined
1717478895149	Marionette	INFO	Stopped listening on port 51272
Dynamically enable window occlusion 1
